<?xml version="1.0" encoding="UTF-8" ?>
<testsuites name="vitest tests" tests="11" failures="0" errors="0" time="6.01">
    <testsuite name="src/game/__tests__/ecsSystemIntegrationBasic.test.ts" timestamp="2025-07-20T20:17:24.223Z" hostname="XLW-CND1300JDV" tests="11" failures="0" errors="0" skipped="0" time="0.028565">
        <testcase classname="src/game/__tests__/ecsSystemIntegrationBasic.test.ts" name="ECS System Integration Tests &gt; System Instantiation and Basic Operation &gt; should instantiate all systems without errors" time="0.0034807">
        </testcase>
        <testcase classname="src/game/__tests__/ecsSystemIntegrationBasic.test.ts" name="ECS System Integration Tests &gt; System Instantiation and Basic Operation &gt; should run all systems without throwing errors" time="0.0032683">
        </testcase>
        <testcase classname="src/game/__tests__/ecsSystemIntegrationBasic.test.ts" name="ECS System Integration Tests &gt; System Instantiation and Basic Operation &gt; should handle systems with entities but no matching components" time="0.0021464">
        </testcase>
        <testcase classname="src/game/__tests__/ecsSystemIntegrationBasic.test.ts" name="ECS System Integration Tests &gt; System Integration Verification &gt; should demonstrate systems can work with mocked dependencies" time="0.0018083">
        </testcase>
        <testcase classname="src/game/__tests__/ecsSystemIntegrationBasic.test.ts" name="ECS System Integration Tests &gt; System Integration Verification &gt; should handle systems processing with component operations" time="0.0015258">
        </testcase>
        <testcase classname="src/game/__tests__/ecsSystemIntegrationBasic.test.ts" name="ECS System Integration Tests &gt; System Coordination and Coexistence &gt; should run multiple systems in sequence without interference" time="0.0015905">
        </testcase>
        <testcase classname="src/game/__tests__/ecsSystemIntegrationBasic.test.ts" name="ECS System Integration Tests &gt; System Coordination and Coexistence &gt; should handle rapid sequential system updates without state conflicts" time="0.0041239">
        </testcase>
        <testcase classname="src/game/__tests__/ecsSystemIntegrationBasic.test.ts" name="ECS System Integration Tests &gt; System Coordination and Coexistence &gt; should maintain system independence with different entity sets" time="0.0013523">
        </testcase>
        <testcase classname="src/game/__tests__/ecsSystemIntegrationBasic.test.ts" name="ECS System Integration Tests &gt; Error Handling and Robustness &gt; should handle null or undefined entities gracefully" time="0.0018737">
        </testcase>
        <testcase classname="src/game/__tests__/ecsSystemIntegrationBasic.test.ts" name="ECS System Integration Tests &gt; Error Handling and Robustness &gt; should handle component operation failures gracefully" time="0.0014057">
        </testcase>
        <testcase classname="src/game/__tests__/ecsSystemIntegrationBasic.test.ts" name="ECS System Integration Tests &gt; Error Handling and Robustness &gt; should continue functioning after mock function failures" time="0.0017154">
        </testcase>
    </testsuite>
</testsuites>
